<?xml version="1.0" encoding="UTF-8"?>
<!-- Generated by org.testng.reporters.JUnitReportReporter -->
<testsuite skipped="0" hostname="DESKTOP-BMQSQ07" name="runner.Test_runner" tests="1" failures="0" timestamp="13 Feb 2020 05:03:00 GMT" time="43.987" errors="0">
  <testcase name="feature" time="43.987" classname="runner.Test_runner"/>
</testsuite> <!-- runner.Test_runner -->
